<?xml version="1.0" encoding="UTF-8"?>
<testsuite xmlns:xsi="http://www.w3.org/2001/XMLSchema-instance" xsi:noNamespaceSchemaLocation="https://maven.apache.org/surefire/maven-surefire-plugin/xsd/surefire-test-report-3.0.xsd" version="3.0" name="io.confluent.ksql.client.KSQLDBClientTest" time="0.015" tests="6" errors="0" skipped="6" failures="0">
  <properties>
[...]
</properties>
  <testcase name="testListTables" classname="io.confluent.ksql.client.KSQLDBClientTest" time="0.0">
    <skipped message="Requires a running KSQLDB server"/>
  </testcase>
  <testcase name="testListTopics" classname="io.confluent.ksql.client.KSQLDBClientTest" time="0.0">
    <skipped message="Requires a running KSQLDB server"/>
  </testcase>
  <testcase name="testGetServerInfo" classname="io.confluent.ksql.client.KSQLDBClientTest" time="0.0">
    <skipped message="Requires a running KSQLDB server"/>
  </testcase>
  <testcase name="testListQueries" classname="io.confluent.ksql.client.KSQLDBClientTest" time="0.0">
    <skipped message="Requires a running KSQLDB server"/>
  </testcase>
  <testcase name="testClientCreation" classname="io.confluent.ksql.client.KSQLDBClientTest" time="0.0">
    <skipped message="Requires a running KSQLDB server"/>
  </testcase>
  <testcase name="testListStreams" classname="io.confluent.ksql.client.KSQLDBClientTest" time="0.0">
    <skipped message="Requires a running KSQLDB server"/>
  </testcase>
</testsuite>